#
# There is insufficient memory for the Java Runtime Environment to continue.
# Native memory allocation (malloc) failed to allocate 32756 bytes for ChunkPool::allocate
# Possible reasons:
#   The system is out of physical RAM or swap space
#   In 32 bit mode, the process size limit was hit
# Possible solutions:
#   Reduce memory load on the system
#   Increase physical memory or swap space
#   Check if swap backing store is full
#   Use 64 bit Java on a 64 bit OS
#   Decrease Java heap size (-Xmx/-Xms)
#   Decrease number of Java threads
#   Decrease Java thread stack sizes (-Xss)
#   Set larger code cache with -XX:ReservedCodeCacheSize=
# This output file may be truncated or incomplete.
#
#  Out of Memory Error (allocation.cpp:272), pid=46108, tid=0x0000c668
#
# JRE version: Java(TM) SE Runtime Environment (8.0_351-b10) (build 1.8.0_351-b10)
# Java VM: Java HotSpot(TM) Client VM (25.351-b10 mixed mode, sharing windows-x86 )
# Failed to write core dump. Minidumps are not enabled by default on client versions of Windows
#

---------------  T H R E A D  ---------------

Current thread (0x00c3ec00):  JavaThread "C1 CompilerThread0" daemon [_thread_in_native, id=50792, stack(0x15e30000,0x15e80000)]

Stack: [0x15e30000,0x15e80000],  sp=0x15e7decc,  free space=311k
Native frames: (J=compiled Java code, j=interpreted, Vv=VM code, C=native code)
V  [jvm.dll+0x1b973e]
V  [jvm.dll+0x1b1b53]
V  [jvm.dll+0x91e21]
V  [jvm.dll+0x919fb]
V  [jvm.dll+0x92187]
V  [jvm.dll+0xa9cf4]
V  [jvm.dll+0x2b7ca5]
V  [jvm.dll+0x29ffd7]
V  [jvm.dll+0x29facc]
V  [jvm.dll+0x29f436]
V  [jvm.dll+0x2a0936]
V  [jvm.dll+0x73dd6]
V  [jvm.dll+0x72aca]
V  [jvm.dll+0x18b064]
V  [jvm.dll+0x1d04bb]
C  [ucrtbase.dll+0x44f9f]
C  [KERNEL32.DLL+0x1fcc9]
C  [ntdll.dll+0x67c6e]
C  [ntdll.dll+0x67c3e]
C  0x00000000


Current CompileTask:
C1:  14273 1977   !         sun.misc.FloatingDecimal::readJavaFormatString (794 bytes)


---------------  P R O C E S S  ---------------

Java Threads: ( => current thread )
  0x2123fc00 JavaThread "TimerQueue" daemon [_thread_blocked, id=39000, stack(0x21e10000,0x21e60000)]
  0x211c3000 JavaThread "AWT-EventQueue-0" [_thread_blocked, id=17320, stack(0x21960000,0x219b0000)]
  0x1662c400 JavaThread "AWT-Windows" daemon [_thread_in_native, id=49028, stack(0x16340000,0x16390000)]
  0x1662b400 JavaThread "AWT-Shutdown" [_thread_blocked, id=48252, stack(0x162f0000,0x16340000)]
  0x1662ac00 JavaThread "Java2D Disposer" daemon [_thread_blocked, id=46524, stack(0x15fe0000,0x16030000)]
  0x00c45800 JavaThread "Service Thread" daemon [_thread_blocked, id=17000, stack(0x15ec0000,0x15f10000)]
=>0x00c3ec00 JavaThread "C1 CompilerThread0" daemon [_thread_in_native, id=50792, stack(0x15e30000,0x15e80000)]
  0x00c3d000 JavaThread "Attach Listener" daemon [_thread_blocked, id=3168, stack(0x15790000,0x157e0000)]
  0x00c3c400 JavaThread "Signal Dispatcher" daemon [_thread_blocked, id=42440, stack(0x15700000,0x15750000)]
  0x00c2f000 JavaThread "Finalizer" daemon [_thread_blocked, id=14308, stack(0x14b60000,0x14bb0000)]
  0x00bcfc00 JavaThread "Reference Handler" daemon [_thread_blocked, id=17056, stack(0x14ad0000,0x14b20000)]
  0x00ba6400 JavaThread "main" [_thread_in_vm, id=6796, stack(0x027e0000,0x02830000)]

Other Threads:
  0x00bcc800 VMThread [stack: 0x14a40000,0x14a90000] [id=50100]
  0x00c47400 WatcherThread [stack: 0x15f50000,0x15fa0000] [id=35436]

VM state:not at safepoint (normal execution)

VM Mutex/Monitor currently owned by a thread: None

OutOfMemory and StackOverflow Exception counts:
OutOfMemoryError java_heap_errors=2

Heap:
 def new generation   total 26304K, used 8773K [0x04a00000, 0x06680000, 0x09f50000)
  eden space 23424K,  25% used [0x04a00000, 0x04fc14f8, 0x060e0000)
  from space 2880K, 100% used [0x063b0000, 0x06680000, 0x06680000)
  to   space 2880K,   0% used [0x060e0000, 0x060e0000, 0x063b0000)
 tenured generation   total 58300K, used 39656K [0x09f50000, 0x0d83f000, 0x14a00000)
   the space 58300K,  68% used [0x09f50000, 0x0c60a038, 0x0c60a200, 0x0d83f000)
 Metaspace       used 5731K, capacity 6377K, committed 6528K, reserved 6528K

Card table byte_map: [0x048e0000,0x04970000] byte_map_base: 0x048bb000

Polling page: 0x02830000

CodeCache: size=32768Kb used=3599Kb max_used=3599Kb free=29168Kb
 bounds [0x02860000, 0x02be8000, 0x04860000]
 total_blobs=2277 nmethods=1949 adapters=255
 compilation: enabled

Compilation events (10 events):
Event: 14.185 Thread 0x00c3ec00 nmethod 1972 0x02be3648 code [0x02be3740, 0x02be37d0]
Event: 14.251 Thread 0x00c3ec00 1973             javax.swing.text.AbstractDocument::fireUndoableEditUpdate (46 bytes)
Event: 14.251 Thread 0x00c3ec00 nmethod 1973 0x02be3888 code [0x02be39a0, 0x02be3b1c]
Event: 14.258 Thread 0x00c3ec00 1974             javax.swing.text.AbstractDocument$BranchElement::getEndOffset (35 bytes)
Event: 14.258 Thread 0x00c3ec00 nmethod 1974 0x02be3c48 code [0x02be3d50, 0x02be3e3c]
Event: 14.258 Thread 0x00c3ec00 1975             javax.swing.text.AbstractDocument$BranchElement::getStartOffset (10 bytes)
Event: 14.258 Thread 0x00c3ec00 nmethod 1975 0x02be3f88 code [0x02be4090, 0x02be414c]
Event: 14.258 Thread 0x00c3ec00 1976             javax.swing.text.DefaultEditorKit::getViewFactory (2 bytes)
Event: 14.258 Thread 0x00c3ec00 nmethod 1976 0x02be4208 code [0x02be4300, 0x02be4380]
Event: 14.258 Thread 0x00c3ec00 1977   !         sun.misc.FloatingDecimal::readJavaFormatString (794 bytes)

GC Heap History (10 events):
Event: 4.604 GC heap before
{Heap before GC invocations=15 (full 2):
 def new generation   total 15552K, used 13824K [0x04a00000, 0x05ae0000, 0x09f50000)
  eden space 13824K, 100% used [0x04a00000, 0x05780000, 0x05780000)
  from space 1728K,   0% used [0x05780000, 0x05780000, 0x05930000)
  to   space 1728K,   0% used [0x05930000, 0x05930000, 0x05ae0000)
 tenured generation   total 34468K, used 20679K [0x09f50000, 0x0c0f9000, 0x14a00000)
   the space 34468K,  59% used [0x09f50000, 0x0b381c60, 0x0b381e00, 0x0c0f9000)
 Metaspace       used 4339K, capacity 5697K, committed 5760K, reserved 6528K
Event: 4.611 GC heap after
Heap after GC invocations=16 (full 2):
 def new generation   total 15552K, used 1728K [0x04a00000, 0x05ae0000, 0x09f50000)
  eden space 13824K,   0% used [0x04a00000, 0x04a00000, 0x05780000)
  from space 1728K, 100% used [0x05930000, 0x05ae0000, 0x05ae0000)
  to   space 1728K,   0% used [0x05780000, 0x05780000, 0x05930000)
 tenured generation   total 34468K, used 23766K [0x09f50000, 0x0c0f9000, 0x14a00000)
   the space 34468K,  68% used [0x09f50000, 0x0b685820, 0x0b685a00, 0x0c0f9000)
 Metaspace       used 4339K, capacity 5697K, committed 5760K, reserved 6528K
}
Event: 5.745 GC heap before
{Heap before GC invocations=16 (full 2):
 def new generation   total 15552K, used 15552K [0x04a00000, 0x05ae0000, 0x09f50000)
  eden space 13824K, 100% used [0x04a00000, 0x05780000, 0x05780000)
  from space 1728K, 100% used [0x05930000, 0x05ae0000, 0x05ae0000)
  to   space 1728K,   0% used [0x05780000, 0x05780000, 0x05930000)
 tenured generation   total 34468K, used 23766K [0x09f50000, 0x0c0f9000, 0x14a00000)
   the space 34468K,  68% used [0x09f50000, 0x0b685820, 0x0b685a00, 0x0c0f9000)
 Metaspace       used 5162K, capacity 5828K, committed 5888K, reserved 6528K
Event: 5.762 GC heap after
Heap after GC invocations=17 (full 2):
 def new generation   total 15552K, used 1728K [0x04a00000, 0x05ae0000, 0x09f50000)
  eden space 13824K,   0% used [0x04a00000, 0x04a00000, 0x05780000)
  from space 1728K, 100% used [0x05780000, 0x05930000, 0x05930000)
  to   space 1728K,   0% used [0x05930000, 0x05930000, 0x05ae0000)
 tenured generation   total 34468K, used 27682K [0x09f50000, 0x0c0f9000, 0x14a00000)
   the space 34468K,  80% used [0x09f50000, 0x0ba58a60, 0x0ba58c00, 0x0c0f9000)
 Metaspace       used 5162K, capacity 5828K, committed 5888K, reserved 6528K
}
Event: 5.973 GC heap before
{Heap before GC invocations=17 (full 2):
 def new generation   total 15552K, used 15552K [0x04a00000, 0x05ae0000, 0x09f50000)
  eden space 13824K, 100% used [0x04a00000, 0x05780000, 0x05780000)
  from space 1728K, 100% used [0x05780000, 0x05930000, 0x05930000)
  to   space 1728K,   0% used [0x05930000, 0x05930000, 0x05ae0000)
 tenured generation   total 34468K, used 27682K [0x09f50000, 0x0c0f9000, 0x14a00000)
   the space 34468K,  80% used [0x09f50000, 0x0ba58a60, 0x0ba58c00, 0x0c0f9000)
 Metaspace       used 5379K, capacity 6022K, committed 6144K, reserved 6528K
Event: 5.990 GC heap after
Heap after GC invocations=18 (full 2):
 def new generation   total 15552K, used 1728K [0x04a00000, 0x05ae0000, 0x09f50000)
  eden space 13824K,   0% used [0x04a00000, 0x04a00000, 0x05780000)
  from space 1728K, 100% used [0x05930000, 0x05ae0000, 0x05ae0000)
  to   space 1728K,   0% used [0x05780000, 0x05780000, 0x05930000)
 tenured generation   total 34468K, used 33141K [0x09f50000, 0x0c0f9000, 0x14a00000)
   the space 34468K,  96% used [0x09f50000, 0x0bfad778, 0x0bfad800, 0x0c0f9000)
 Metaspace       used 5379K, capacity 6022K, committed 6144K, reserved 6528K
}
Event: 6.220 GC heap before
{Heap before GC invocations=18 (full 2):
 def new generation   total 15552K, used 15552K [0x04a00000, 0x05ae0000, 0x09f50000)
  eden space 13824K, 100% used [0x04a00000, 0x05780000, 0x05780000)
  from space 1728K, 100% used [0x05930000, 0x05ae0000, 0x05ae0000)
  to   space 1728K,   0% used [0x05780000, 0x05780000, 0x05930000)
 tenured generation   total 34468K, used 33141K [0x09f50000, 0x0c0f9000, 0x14a00000)
   the space 34468K,  96% used [0x09f50000, 0x0bfad778, 0x0bfad800, 0x0c0f9000)
 Metaspace       used 5412K, capacity 6054K, committed 6144K, reserved 6528K
Event: 6.296 GC heap after
Heap after GC invocations=19 (full 3):
 def new generation   total 26304K, used 1256K [0x04a00000, 0x06680000, 0x09f50000)
  eden space 23424K,   5% used [0x04a00000, 0x04b3a068, 0x060e0000)
  from space 2880K,   0% used [0x060e0000, 0x060e0000, 0x063b0000)
  to   space 2880K,   0% used [0x063b0000, 0x063b0000, 0x06680000)
 tenured generation   total 58300K, used 34979K [0x09f50000, 0x0d83f000, 0x14a00000)
   the space 58300K,  59% used [0x09f50000, 0x0c178fc8, 0x0c179000, 0x0d83f000)
 Metaspace       used 5412K, capacity 6054K, committed 6144K, reserved 6528K
}
Event: 12.436 GC heap before
{Heap before GC invocations=19 (full 3):
 def new generation   total 26304K, used 23244K [0x04a00000, 0x06680000, 0x09f50000)
  eden space 23424K,  99% used [0x04a00000, 0x060b3098, 0x060e0000)
  from space 2880K,   0% used [0x060e0000, 0x060e0000, 0x063b0000)
  to   space 2880K,   0% used [0x063b0000, 0x063b0000, 0x06680000)
 tenured generation   total 58300K, used 34979K [0x09f50000, 0x0d83f000, 0x14a00000)
   the space 58300K,  59% used [0x09f50000, 0x0c178fc8, 0x0c179000, 0x0d83f000)
 Metaspace       used 5681K, capacity 6313K, committed 6400K, reserved 6528K
Event: 12.481 GC heap after
Heap after GC invocations=20 (full 3):
 def new generation   total 26304K, used 2880K [0x04a00000, 0x06680000, 0x09f50000)
  eden space 23424K,   0% used [0x04a00000, 0x04a00000, 0x060e0000)
  from space 2880K, 100% used [0x063b0000, 0x06680000, 0x06680000)
  to   space 2880K,   0% used [0x060e0000, 0x060e0000, 0x063b0000)
 tenured generation   total 58300K, used 39656K [0x09f50000, 0x0d83f000, 0x14a00000)
   the space 58300K,  68% used [0x09f50000, 0x0c60a038, 0x0c60a200, 0x0d83f000)
 Metaspace       used 5681K, capacity 6313K, committed 6400K, reserved 6528K
}

Deoptimization events (0 events):
No events

Classes redefined (0 events):
No events

Internal exceptions (10 events):
Event: 0.269 Thread 0x00ba6400 Exception <a 'java/lang/NoSuchFieldError': method resolution failed> (0x04c0a4d0) thrown at [C:\jenkins\workspace\8-2-build-windows-i586-cygwin\jdk8u351\2908\hotspot\src\share\vm\prims\methodHandles.cpp, line 1188]
Event: 0.358 Thread 0x00ba6400 Exception <a 'java/io/FileNotFoundException'> (0x04cf6cd8) thrown at [C:\jenkins\workspace\8-2-build-windows-i586-cygwin\jdk8u351\2908\hotspot\src\share\vm\prims\jni.cpp, line 710]
Event: 0.394 Thread 0x00ba6400 Exception <a 'java/io/FileNotFoundException'> (0x04e453a8) thrown at [C:\jenkins\workspace\8-2-build-windows-i586-cygwin\jdk8u351\2908\hotspot\src\share\vm\prims\jni.cpp, line 710]
Event: 0.406 Thread 0x00ba6400 Exception <a 'java/io/FileNotFoundException'> (0x04a31dd0) thrown at [C:\jenkins\workspace\8-2-build-windows-i586-cygwin\jdk8u351\2908\hotspot\src\share\vm\prims\jni.cpp, line 710]
Event: 0.416 Thread 0x00ba6400 Exception <a 'java/io/FileNotFoundException'> (0x04ac60c8) thrown at [C:\jenkins\workspace\8-2-build-windows-i586-cygwin\jdk8u351\2908\hotspot\src\share\vm\prims\jni.cpp, line 710]
Event: 5.570 Thread 0x211c3000 Implicit null exception at 0x02b708b9 to 0x02b70d0b
Event: 5.613 Thread 0x00ba6400 Implicit null exception at 0x02b71b47 to 0x02b71cea
Event: 6.432 Thread 0x1668b000 Exception <a 'java/lang/OutOfMemoryError'> (0x0516ac48) thrown at [C:\jenkins\workspace\8-2-build-windows-i586-cygwin\jdk8u351\2908\hotspot\src\share\vm\prims\jni.cpp, line 737]
Event: 14.224 Thread 0x00ba6400 Exception <a 'java/lang/OutOfMemoryError'> (0x04e8a0b8) thrown at [C:\jenkins\workspace\8-2-build-windows-i586-cygwin\jdk8u351\2908\hotspot\src\share\vm\prims\jni.cpp, line 737]
Event: 14.261 Thread 0x00ba6400 Exception <a 'java/io/FileNotFoundException'> (0x04f14630) thrown at [C:\jenkins\workspace\8-2-build-windows-i586-cygwin\jdk8u351\2908\hotspot\src\share\vm\prims\jni.cpp, line 710]

Events (10 events):
Event: 11.499 Executing VM operation: RevokeBias done
Event: 11.499 Thread 0x1668b000 Thread exited: 0x1668b000
Event: 12.436 Executing VM operation: GenCollectForAllocation
Event: 12.481 Executing VM operation: GenCollectForAllocation done
Event: 12.481 Executing VM operation: BulkRevokeBias
Event: 12.481 Executing VM operation: BulkRevokeBias done
Event: 14.232 loading class java/awt/Font$3
Event: 14.232 loading class java/awt/Font$3 done
Event: 14.245 loading class java/awt/FontFormatException
Event: 14.246 loading class java/awt/FontFormatException done


Dynamic libraries:
0x00a40000 - 0x00a7e000 	C:\Program Files (x86)\Common Files\Oracle\Java\javapath\java.exe
0x778f0000 - 0x77a94000 	C:\Windows\SYSTEM32\ntdll.dll
0x76f70000 - 0x77060000 	C:\Windows\System32\KERNEL32.DLL
0x76780000 - 0x769ba000 	C:\Windows\System32\KERNELBASE.dll
0x74070000 - 0x7410f000 	C:\Windows\SYSTEM32\apphelp.dll
0x76140000 - 0x761bc000 	C:\Windows\System32\ADVAPI32.dll
0x77060000 - 0x7711f000 	C:\Windows\System32\msvcrt.dll
0x761c0000 - 0x76236000 	C:\Windows\System32\sechost.dll
0x75e80000 - 0x75f3f000 	C:\Windows\System32\RPCRT4.dll
0x772d0000 - 0x7746c000 	C:\Windows\System32\USER32.dll
0x77860000 - 0x77878000 	C:\Windows\System32\win32u.dll
0x75f40000 - 0x75f64000 	C:\Windows\System32\GDI32.dll
0x76e30000 - 0x76f18000 	C:\Windows\System32\gdi32full.dll
0x77560000 - 0x775db000 	C:\Windows\System32\msvcp_win.dll
0x76c10000 - 0x76d30000 	C:\Windows\System32\ucrtbase.dll
0x68310000 - 0x68520000 	C:\Windows\WinSxS\x86_microsoft.windows.common-controls_6595b64144ccf1df_6.0.19041.3636_none_a863d714867441db\COMCTL32.dll
0x75df0000 - 0x75e15000 	C:\Windows\System32\IMM32.DLL
0x5f040000 - 0x5f053000 	C:\Program Files (x86)\Java\jre1.8.0_351\bin\vcruntime140.dll
0x5ac80000 - 0x5acef000 	C:\Program Files (x86)\Java\jre1.8.0_351\bin\msvcp140.dll
0x5a8a0000 - 0x5ac80000 	C:\Program Files (x86)\Java\jre1.8.0_351\bin\client\jvm.dll
0x75790000 - 0x75796000 	C:\Windows\System32\PSAPI.DLL
0x73140000 - 0x73168000 	C:\Windows\SYSTEM32\WINMM.dll
0x682e0000 - 0x682e8000 	C:\Windows\SYSTEM32\WSOCK32.dll
0x77470000 - 0x774d3000 	C:\Windows\System32\WS2_32.dll
0x74230000 - 0x74238000 	C:\Windows\SYSTEM32\VERSION.dll
0x74980000 - 0x7498f000 	C:\Windows\SYSTEM32\kernel.appcore.dll
0x5f030000 - 0x5f03d000 	C:\Program Files (x86)\Java\jre1.8.0_351\bin\verify.dll
0x5a870000 - 0x5a894000 	C:\Program Files (x86)\Java\jre1.8.0_351\bin\java.dll
0x5a850000 - 0x5a865000 	C:\Program Files (x86)\Java\jre1.8.0_351\bin\zip.dll
0x757a0000 - 0x75d57000 	C:\Windows\System32\SHELL32.dll
0x742a0000 - 0x748b3000 	C:\Windows\SYSTEM32\windows.storage.dll
0x775e0000 - 0x77860000 	C:\Windows\System32\combase.dll
0x741a0000 - 0x741c4000 	C:\Windows\SYSTEM32\Wldp.dll
0x769c0000 - 0x76a47000 	C:\Windows\System32\SHCORE.dll
0x76b30000 - 0x76b75000 	C:\Windows\System32\shlwapi.dll
0x73100000 - 0x7311c000 	C:\Windows\SYSTEM32\profapi.dll
0x5a700000 - 0x5a84b000 	C:\Program Files (x86)\Java\jre1.8.0_351\bin\awt.dll
0x760a0000 - 0x76136000 	C:\Windows\System32\OLEAUT32.dll
0x736d0000 - 0x73744000 	C:\Windows\system32\uxtheme.dll
0x16390000 - 0x163c7000 	C:\Windows\System32\HsSrv.dll
0x76d40000 - 0x76e23000 	C:\Windows\System32\ole32.dll
0x5ef80000 - 0x5efff000 	C:\Windows\System32\DSOUND.dll
0x6e510000 - 0x6e554000 	C:\Windows\SYSTEM32\powrprof.dll
0x5ef60000 - 0x5ef7d000 	C:\Windows\SYSTEM32\winmmbase.dll
0x6e500000 - 0x6e50d000 	C:\Windows\SYSTEM32\UMPDC.dll
0x76a50000 - 0x76b24000 	C:\Windows\System32\MSCTF.dll
0x76b80000 - 0x76bdf000 	C:\Windows\System32\bcryptPrimitives.dll
0x68010000 - 0x68036000 	C:\Windows\system32\DWMAPI.DLL
0x5cc60000 - 0x5cd63000 	C:\Windows\system32\opengl32.dll
0x682a0000 - 0x682df000 	C:\Windows\SYSTEM32\GLU32.dll
0x67180000 - 0x6730f000 	C:\Windows\system32\d3d9.dll
0x67f70000 - 0x68004000 	C:\Windows\System32\DriverStore\FileRepository\nv_dispig.inf_amd64_7e5fd280efaa5445\nvldumd.dll
0x74060000 - 0x7406e000 	C:\Windows\SYSTEM32\msasn1.dll
0x67310000 - 0x67336000 	C:\Windows\SYSTEM32\cryptnet.dll
0x76680000 - 0x7677f000 	C:\Windows\System32\CRYPT32.dll
0x67080000 - 0x67180000 	C:\Windows\SYSTEM32\drvstore.dll
0x6e3b0000 - 0x6e3d9000 	C:\Windows\SYSTEM32\devobj.dll
0x77290000 - 0x772cb000 	C:\Windows\System32\cfgmgr32.dll
0x748c0000 - 0x748ca000 	C:\Windows\SYSTEM32\cryptbase.dll
0x76f20000 - 0x76f6c000 	C:\Windows\System32\wintrust.dll
0x76be0000 - 0x76bf9000 	C:\Windows\System32\imagehlp.dll
0x74900000 - 0x74913000 	C:\Windows\SYSTEM32\CRYPTSP.dll
0x748d0000 - 0x748ff000 	C:\Windows\system32\rsaenh.dll
0x76080000 - 0x76099000 	C:\Windows\System32\bcrypt.dll
0x64320000 - 0x67079000 	C:\Windows\System32\DriverStore\FileRepository\nv_dispig.inf_amd64_7e5fd280efaa5445\nvd3dum.dll
0x78ff0000 - 0x79213000 	C:\Windows\system32\nvspcap.dll
0x708d0000 - 0x708f9000 	C:\Windows\SYSTEM32\ntmarta.dll
0x6e430000 - 0x6e44e000 	C:\Windows\SYSTEM32\gpapi.dll
0x67f40000 - 0x67f6c000 	C:\Windows\SYSTEM32\dxcore.dll
0x5a6c0000 - 0x5a6fd000 	C:\Program Files (x86)\Java\jre1.8.0_351\bin\fontmanager.dll
0x5a6a0000 - 0x5a6b7000 	C:\Program Files (x86)\Java\jre1.8.0_351\bin\net.dll
0x74920000 - 0x74972000 	C:\Windows\system32\mswsock.dll
0x5a690000 - 0x5a69f000 	C:\Program Files (x86)\Java\jre1.8.0_351\bin\nio.dll
0x5a650000 - 0x5a687000 	C:\Program Files (x86)\Java\jre1.8.0_351\bin\t2k.dll
0x774e0000 - 0x7755e000 	C:\Windows\System32\clbcatq.dll
0x5f9f0000 - 0x5fb61000 	C:\Windows\SYSTEM32\WindowsCodecs.dll
0x67f00000 - 0x67f31000 	C:\Windows\system32\dataexchange.dll
0x67380000 - 0x67560000 	C:\Windows\system32\d3d11.dll
0x641b0000 - 0x64314000 	C:\Windows\system32\dcomp.dll
0x640e0000 - 0x641a2000 	C:\Windows\system32\dxgi.dll
0x63f40000 - 0x640d4000 	C:\Windows\system32\twinapi.appcore.dll
0x741f0000 - 0x74215000 	C:\Windows\SYSTEM32\USERENV.dll
0x74c70000 - 0x74ca2000 	C:\Windows\SYSTEM32\IPHLPAPI.DLL
0x76d30000 - 0x76d37000 	C:\Windows\System32\NSI.dll
0x6e880000 - 0x6e894000 	C:\Windows\SYSTEM32\dhcpcsvc6.DLL
0x741d0000 - 0x741e6000 	C:\Windows\SYSTEM32\dhcpcsvc.DLL
0x6e7d0000 - 0x6e860000 	C:\Windows\SYSTEM32\DNSAPI.dll

VM Arguments:
java_command: console_BikeCAD_final.jar
java_class_path (initial): console_BikeCAD_final.jar
Launcher Type: SUN_STANDARD

Environment Variables:
PATH=c:\Users\Lyle\mambaforge\envs\pytorch_clip;C:\Users\Lyle\mambaforge\envs\pytorch_clip;C:\Users\Lyle\mambaforge\envs\pytorch_clip\Library\mingw-w64\bin;C:\Users\Lyle\mambaforge\envs\pytorch_clip\Library\usr\bin;C:\Users\Lyle\mambaforge\envs\pytorch_clip\Library\bin;C:\Users\Lyle\mambaforge\envs\pytorch_clip\Scripts;C:\Users\Lyle\mambaforge\envs\pytorch_clip\bin;C:\Users\Lyle\mambaforge\condabin;C:\Program Files (x86)\NVIDIA Corporation\PhysX\Common;C:\Program Files\Microsoft MPI\Bin;C:\Program Files (x86)\Common Files\Oracle\Java\javapath;C:\Program Files\NVIDIA GPU Computing Toolkit\CUDA\v11.2\bin;C:\Program Files\NVIDIA GPU Computing Toolkit\CUDA\v11.2\libnvvp;C:\Program Files\NVIDIA GPU Computing Toolkit\CUDA\v11.1\bin;C:\Program Files\NVIDIA GPU Computing Toolkit\CUDA\v11.1\libnvvp;C:\Windows\system32;C:\Windows;C:\Windows\System32\Wbem;C:\Windows\System32\WindowsPowerShell\v1.0;C:\Windows\System32\OpenSSH;C:\Program Files\Microsoft SQL Server\Client SDK\ODBC\110\Tools\Binn;C:\Program Files (x86)\Microsoft SQL Server\120\Tools\Binn;C:\Program Files\Microsoft SQL Server\120\Tools\Binn;C:\Program Files\Microsoft SQL Server\120\DTS\Binn;C:\Program Files (x86)\Windows Kits\8.1\Windows Performance Toolkit;C:\Program Files\NVIDIA Corporation\NVIDIA NvDLISR;C:\Program Files\MATLAB\R2020b\bin;C:\Program Files\NVIDIA Corporation\Nsight Compute 2020.3.1;C:\Program Files\dotnet;C:\Users\Lyle\mambaforge;C:\Users\Lyle\mambaforge\Library\mingw-w64\bin;C:\Users\Lyle\mambaforge\Library\usr\bin;C:\Users\Lyle\mambaforge\Library\bin;C:\Users\Lyle\mambaforge\Scripts;C:\Ruby27-x64\bin;C:\Users\Lyle\AppData\Local\Microsoft\WindowsApps;C:\Users\Lyle\AppData\Local\atom\bin;C:\Users\Lyle\AppData\Local\gitkraken\bin;C:\Users\Lyle\AppData\Local\Programs\Microsoft VS Code\bin
USERNAME=Lyle
OS=Windows_NT
PROCESSOR_IDENTIFIER=AMD64 Family 25 Model 33 Stepping 0, AuthenticAMD



---------------  S Y S T E M  ---------------

OS: Windows 10 , 64 bit Build 19041 (10.0.19041.3636)

CPU:total 32 (initial active 32) (32 cores per cpu, 1 threads per core) family 25 model 33 stepping 0, cmov, cx8, fxsr, mmx, sse, sse2, sse3, ssse3, sse4.1, sse4.2, popcnt, avx, avx2, aes, clmul, erms, mmxext, 3dnowpref, lzcnt, sse4a, tsc, tscinvbit, tscinv, bmi1

Memory: 4k page, physical 33477356k(9827768k free), swap 109053804k(268k free)

vm_info: Java HotSpot(TM) Client VM (25.351-b10) for windows-x86 JRE (1.8.0_351-b10), built on Sep 15 2022 03:01:07 by "java_re" with MS VC++ 15.9 (VS2017)

time: Thu Dec  7 13:34:09 2023
timezone: Eastern Standard Time
elapsed time: 14.279608 seconds (0d 0h 0m 14s)

